<?xml version="1.0" encoding="UTF-8"?>
<!-- Generated by org.testng.reporters.JUnitReportReporter -->
<testsuite skipped="0" hostname="LAB_04_20" name="Day3.Demo01" tests="1" failures="0" timestamp="2021-09-01T10:43:55 IST" time="9.294" errors="0">
  <testcase name="test" time="9.294" classname="Day3.Demo01"/>
</testsuite> <!-- Day3.Demo01 -->
