<?xml version="1.0" encoding="UTF-8"?>
<!-- Generated by org.testng.reporters.JUnitReportReporter -->
<testsuite skipped="0" hostname="LAB_04_20" name="Day5.Screenshot" tests="1" failures="0" timestamp="2021-09-03T12:05:41 IST" time="7.947" errors="0">
  <testcase name="screenshotTest" time="7.947" classname="Day5.Screenshot"/>
  <system-out/>
</testsuite> <!-- Day5.Screenshot -->
