<?xml version="1.0" encoding="UTF-8"?>
<!-- Generated by org.testng.reporters.JUnitReportReporter -->
<testsuite skipped="0" hostname="LAB_04_20" name="Day5.ApachePoi" tests="1" failures="0" timestamp="2021-09-03T15:11:51 IST" time="0.355" errors="0">
  <testcase name="apachePoi" time="0.355" classname="Day5.ApachePoi"/>
  <system-out/>
</testsuite> <!-- Day5.ApachePoi -->
