<?xml version="1.0" encoding="UTF-8"?>
<!-- Generated by org.testng.reporters.JUnitReportReporter -->
<testsuite skipped="0" hostname="LAB_04_20" name="Day5.demoWait" tests="1" failures="0" timestamp="2021-09-03T10:58:18 IST" time="13.445" errors="0">
  <testcase name="testwait" time="13.445" classname="Day5.demoWait"/>
  <system-out/>
</testsuite> <!-- Day5.demoWait -->
