<?xml version="1.0" encoding="UTF-8"?>
<!-- Generated by org.testng.reporters.JUnitReportReporter -->
<testsuite skipped="1" hostname="LAB_04_20" name="Day3.DataProviderTest" tests="1" failures="0" timestamp="2021-09-01T17:01:01 IST" time="0.000" errors="0">
  <testcase name="f" time="0.000" classname="Day3.DataProviderTest">
    <skipped/>
  </testcase> <!-- f -->
</testsuite> <!-- Day3.DataProviderTest -->
