<?xml version="1.0" encoding="UTF-8"?>
<!-- Generated by org.testng.reporters.JUnitReportReporter -->
<testsuite skipped="0" hostname="LAB_04_20" name="Day3.orangeHRMproperties" tests="1" failures="0" timestamp="2021-09-01T17:20:20 IST" time="0.032" errors="0">
  <testcase name="f" time="0.032" classname="Day3.orangeHRMproperties"/>
</testsuite> <!-- Day3.orangeHRMproperties -->
