<?xml version="1.0" encoding="UTF-8"?>
<!-- Generated by org.testng.reporters.JUnitReportReporter -->
<testsuite skipped="0" hostname="LAB_04_20" name="Day5.HandleCookies" tests="1" failures="0" timestamp="2021-09-03T11:29:05 IST" time="8.253" errors="0">
  <testcase name="actionsOnCookies" time="8.253" classname="Day5.HandleCookies"/>
  <system-out/>
</testsuite> <!-- Day5.HandleCookies -->
