<?xml version="1.0" encoding="UTF-8"?>
<!-- Generated by org.testng.reporters.JUnitReportReporter -->
<testsuite skipped="0" hostname="LAB_04_20" name="Day3.DragandDrop" tests="1" failures="0" timestamp="2021-09-01T15:06:52 IST" time="8.860" errors="0">
  <testcase name="dragdrop" time="8.860" classname="Day3.DragandDrop"/>
</testsuite> <!-- Day3.DragandDrop -->
