<?xml version="1.0" encoding="UTF-8"?>
<!-- Generated by org.testng.reporters.JUnitReportReporter -->
<testsuite skipped="0" hostname="LAB_04_20" name="Day3.TestingAndAutomatingUserInteractions" tests="1" failures="0" timestamp="2021-09-01T14:38:42 IST" time="7.316" errors="0">
  <testcase name="demo" time="7.316" classname="Day3.TestingAndAutomatingUserInteractions"/>
</testsuite> <!-- Day3.TestingAndAutomatingUserInteractions -->
