<?xml version="1.0" encoding="UTF-8"?>
<!-- Generated by org.testng.reporters.JUnitReportReporter -->
<testsuite skipped="0" hostname="LAB_04_20" name="Day3.ChromeBrowser_Test" tests="1" failures="0" timestamp="2021-09-01T14:22:31 IST" time="21.432" errors="0">
  <testcase name="ChromeBrowser" time="21.432" classname="Day3.ChromeBrowser_Test"/>
</testsuite> <!-- Day3.ChromeBrowser_Test -->
