<?xml version="1.0" encoding="UTF-8"?>
<!-- Generated by org.testng.reporters.JUnitReportReporter -->
<testsuite skipped="0" hostname="LAB_04_20" name="Day5.HeadlessBrowser" tests="1" failures="0" timestamp="2021-09-03T11:51:27 IST" time="17.371" errors="0">
  <testcase name="headlessSetup" time="17.371" classname="Day5.HeadlessBrowser"/>
  <system-out/>
</testsuite> <!-- Day5.HeadlessBrowser -->
