<?xml version="1.0" encoding="UTF-8"?>
<!-- Generated by org.testng.reporters.JUnitReportReporter -->
<testsuite skipped="0" hostname="LAB_04_20" name="javaProgram.Demo01" tests="1" failures="0" timestamp="2021-08-31T17:49:03 IST" time="7.667" errors="0">
  <testcase name="login" time="7.667" classname="javaProgram.Demo01"/>
  <system-out/>
</testsuite> <!-- javaProgram.Demo01 -->
