<?xml version="1.0" encoding="UTF-8"?>
<!-- Generated by org.testng.reporters.JUnitReportReporter -->
<testsuite skipped="0" hostname="LAB_04_20" name="Day4.Annotations_TestNG2" tests="2" failures="0" timestamp="2021-09-02T14:57:35 IST" time="0.022" errors="0">
  <testcase name="testMethod4" time="0.016" classname="Day4.Annotations_TestNG2"/>
  <system-out/>
  <testcase name="testMethod5" time="0.006" classname="Day4.Annotations_TestNG2"/>
  <system-out/>
</testsuite> <!-- Day4.Annotations_TestNG2 -->
